<?xml version="1.0" encoding="UTF-8"?>
<!-- Generated by org.testng.reporters.JUnitReportReporter -->
<testsuite hostname="DESKTOP-NIB1RFJ" failures="0" tests="1" name="qa.LoginTest" time="41.034" errors="0" timestamp="2024-09-22T14:58:40 IST" skipped="0">
  <testcase classname="qa.LoginTest" name="enterLoginCredentials" time="41.034"/>
  <system-out/>
</testsuite> <!-- qa.LoginTest -->
