<?xml version="1.0" encoding="UTF-8"?>
<!-- Generated by org.testng.reporters.JUnitReportReporter -->
<testsuite hostname="DESKTOP-NIB1RFJ" failures="0" tests="1" name="Login.LoginPage" time="24.727" errors="0" timestamp="2024-09-15T11:15:29 IST" skipped="0">
  <testcase classname="Login.LoginPage" name="login" time="24.727"/>
  <system-out/>
</testsuite> <!-- Login.LoginPage -->
